
> utf-8-validate@1.0.1 install C:\Users\jhill\AppData\Roaming\npm\node_modules\blockchainjs\node_modules\ws\node_modules\utf-8-validate
> node-gyp rebuild


C:\Users\jhill\AppData\Roaming\npm\node_modules\blockchainjs\node_modules\ws\node_modules\utf-8-validate>if not defined npm_config_node_gyp (node "c:\Program Files (x86)\nodejs\node_modules\npm\bin\node-gyp-bin\\..\..\node_modules\node-gyp\bin\node-gyp.js" rebuild )  else (node  rebuild ) 
Building the projects in this solution one at a time. To enable parallel build, please add the "/m" switch.
c:\users\jhill\.node-gyp\0.12.7\deps\uv\include\uv-win.h(32): fatal error C1083: Cannot open include file: 'winsock2.h': No such file or directory [C:\Users\jhill\AppData\Roaming\npm\node_modules\blockchainjs\node_modules\ws\node_modules\utf-8-validate\build\binding.sln]

> bufferutil@1.0.1 install C:\Users\jhill\AppData\Roaming\npm\node_modules\blockchainjs\node_modules\ws\node_modules\bufferutil
> node-gyp rebuild


C:\Users\jhill\AppData\Roaming\npm\node_modules\blockchainjs\node_modules\ws\node_modules\bufferutil>if not defined npm_config_node_gyp (node "c:\Program Files (x86)\nodejs\node_modules\npm\bin\node-gyp-bin\\..\..\node_modules\node-gyp\bin\node-gyp.js" rebuild )  else (node  rebuild ) 
Building the projects in this solution one at a time. To enable parallel build, please add the "/m" switch.
c:\users\jhill\.node-gyp\0.12.7\deps\uv\include\uv-win.h(32): fatal error C1083: Cannot open include file: 'winsock2.h': No such file or directory [C:\Users\jhill\AppData\Roaming\npm\node_modules\blockchainjs\node_modules\ws\node_modules\bufferutil\build\binding.sln]

> ws@0.4.31 install C:\Users\jhill\AppData\Roaming\npm\node_modules\blockchainjs\node_modules\socket.io-client\node_modules\engine.io-client\node_modules\ws
> (node-gyp rebuild 2> builderror.log) || (exit 0)


C:\Users\jhill\AppData\Roaming\npm\node_modules\blockchainjs\node_modules\socket.io-client\node_modules\engine.io-client\node_modules\ws>if not defined npm_config_node_gyp (node "c:\Program Files (x86)\nodejs\node_modules\npm\bin\node-gyp-bin\\..\..\node_modules\node-gyp\bin\node-gyp.js" rebuild )  else (node  rebuild ) 
Building the projects in this solution one at a time. To enable parallel build, please add the "/m" switch.
C:\Users\jhill\AppData\Roaming\npm\node_modules\blockchainjs\node_modules\socket.io-client\node_modules\engine.io-client\node_modules\ws\node_modules\nan\nan.h(213): error C2039: 'ThrowException' : is not a member of 'v8' [C:\Users\jhill\AppData\Roaming\npm\node_modules\blockchainjs\node_modules\socket.io-client\node_modules\engine.io-client\node_modules\ws\build\binding.sln]
C:\Users\jhill\AppData\Roaming\npm\node_modules\blockchainjs\node_modules\socket.io-client\node_modules\engine.io-client\node_modules\ws\node_modules\nan\nan.h(213): error C2039: 'New' : is not a member of 'v8::String' [C:\Users\jhill\AppData\Roaming\npm\node_modules\blockchainjs\node_modules\socket.io-client\node_modules\engine.io-client\node_modules\ws\build\binding.sln]
C:\Users\jhill\AppData\Roaming\npm\node_modules\blockchainjs\node_modules\socket.io-client\node_modules\engine.io-client\node_modules\ws\node_modules\nan\nan.h(213): error C3861: 'ThrowException': identifier not found [C:\Users\jhill\AppData\Roaming\npm\node_modules\blockchainjs\node_modules\socket.io-client\node_modules\engine.io-client\node_modules\ws\build\binding.sln]
C:\Users\jhill\AppData\Roaming\npm\node_modules\blockchainjs\node_modules\socket.io-client\node_modules\engine.io-client\node_modules\ws\node_modules\nan\nan.h(213): error C3861: 'New': identifier not found [C:\Users\jhill\AppData\Roaming\npm\node_modules\blockchainjs\node_modules\socket.io-client\node_modules\engine.io-client\node_modules\ws\build\binding.sln]
C:\Users\jhill\AppData\Roaming\npm\node_modules\blockchainjs\node_modules\socket.io-client\node_modules\engine.io-client\node_modules\ws\node_modules\nan\nan.h(218): error C2039: 'ThrowException' : is not a member of 'v8' [C:\Users\jhill\AppData\Roaming\npm\node_modules\blockchainjs\node_modules\socket.io-client\node_modules\engine.io-client\node_modules\ws\build\binding.sln]
C:\Users\jhill\AppData\Roaming\npm\node_modules\blockchainjs\node_modules\socket.io-client\node_modules\engine.io-client\node_modules\ws\node_modules\nan\nan.h(218): error C3861: 'ThrowException': identifier not found [C:\Users\jhill\AppData\Roaming\npm\node_modules\blockchainjs\node_modules\socket.io-client\node_modules\engine.io-client\node_modules\ws\build\binding.sln]
C:\Users\jhill\AppData\Roaming\npm\node_modules\blockchainjs\node_modules\socket.io-client\node_modules\engine.io-client\node_modules\ws\node_modules\nan\nan.h(222): error C2039: 'New' : is not a member of 'v8::String' [C:\Users\jhill\AppData\Roaming\npm\node_modules\blockchainjs\node_modules\socket.io-client\node_modules\engine.io-client\node_modules\ws\build\binding.sln]
C:\Users\jhill\AppData\Roaming\npm\node_modules\blockchainjs\node_modules\socket.io-client\node_modules\engine.io-client\node_modules\ws\node_modules\nan\nan.h(222): error C3861: 'New': identifier not found [C:\Users\jhill\AppData\Roaming\npm\node_modules\blockchainjs\node_modules\socket.io-client\node_modules\engine.io-client\node_modules\ws\build\binding.sln]
C:\Users\jhill\AppData\Roaming\npm\node_modules\blockchainjs\node_modules\socket.io-client\node_modules\engine.io-client\node_modules\ws\node_modules\nan\nan.h(224): error C2039: 'New' : is not a member of 'v8::String' [C:\Users\jhill\AppData\Roaming\npm\node_modules\blockchainjs\node_modules\socket.io-client\node_modules\engine.io-client\node_modules\ws\build\binding.sln]
C:\Users\jhill\AppData\Roaming\npm\node_modules\blockchainjs\node_modules\socket.io-client\node_modules\engine.io-client\node_modules\ws\node_modules\nan\nan.h(224): error C2660: 'v8::Integer::New' : function does not take 1 arguments [C:\Users\jhill\AppData\Roaming\npm\node_modules\blockchainjs\node_modules\socket.io-client\node_modules\engine.io-client\node_modules\ws\build\binding.sln]
C:\Users\jhill\AppData\Roaming\npm\node_modules\blockchainjs\node_modules\socket.io-client\node_modules\engine.io-client\node_modules\ws\node_modules\nan\nan.h(224): error C3861: 'New': identifier not found [C:\Users\jhill\AppData\Roaming\npm\node_modules\blockchainjs\node_modules\socket.io-client\node_modules\engine.io-client\node_modules\ws\build\binding.sln]
C:\Users\jhill\AppData\Roaming\npm\node_modules\blockchainjs\node_modules\socket.io-client\node_modules\engine.io-client\node_modules\ws\node_modules\nan\nan.h(229): error C2039: 'ThrowException' : is not a member of 'v8' [C:\Users\jhill\AppData\Roaming\npm\node_modules\blockchainjs\node_modules\socket.io-client\node_modules\engine.io-client\node_modules\ws\build\binding.sln]
C:\Users\jhill\AppData\Roaming\npm\node_modules\blockchainjs\node_modules\socket.io-client\node_modules\engine.io-client\node_modules\ws\node_modules\nan\nan.h(229): error C2039: 'New' : is not a member of 'v8::String' [C:\Users\jhill\AppData\Roaming\npm\node_modules\blockchainjs\node_modules\socket.io-client\node_modules\engine.io-client\node_modules\ws\build\binding.sln]
C:\Users\jhill\AppData\Roaming\npm\node_modules\blockchainjs\node_modules\socket.io-client\node_modules\engine.io-client\node_modules\ws\node_modules\nan\nan.h(229): error C3861: 'ThrowException': identifier not found [C:\Users\jhill\AppData\Roaming\npm\node_modules\blockchainjs\node_modules\socket.io-client\node_modules\engine.io-client\node_modules\ws\build\binding.sln]
C:\Users\jhill\AppData\Roaming\npm\node_modules\blockchainjs\node_modules\socket.io-client\node_modules\engine.io-client\node_modules\ws\node_modules\nan\nan.h(229): error C3861: 'New': identifier not found [C:\Users\jhill\AppData\Roaming\npm\node_modules\blockchainjs\node_modules\socket.io-client\node_modules\engine.io-client\node_modules\ws\build\binding.sln]
C:\Users\jhill\AppData\Roaming\npm\node_modules\blockchainjs\node_modules\socket.io-client\node_modules\engine.io-client\node_modules\ws\node_modules\nan\nan.h(233): error C2039: 'ThrowException' : is not a member of 'v8' [C:\Users\jhill\AppData\Roaming\npm\node_modules\blockchainjs\node_modules\socket.io-client\node_modules\engine.io-client\node_modules\ws\build\binding.sln]
C:\Users\jhill\AppData\Roaming\npm\node_modules\blockchainjs\node_modules\socket.io-client\node_modules\engine.io-client\node_modules\ws\node_modules\nan\nan.h(233): error C2039: 'New' : is not a member of 'v8::String' [C:\Users\jhill\AppData\Roaming\npm\node_modules\blockchainjs\node_modules\socket.io-client\node_modules\engine.io-client\node_modules\ws\build\binding.sln]
C:\Users\jhill\AppData\Roaming\npm\node_modules\blockchainjs\node_modules\socket.io-client\node_modules\engine.io-client\node_modules\ws\node_modules\nan\nan.h(233): error C3861: 'ThrowException': identifier not found [C:\Users\jhill\AppData\Roaming\npm\node_modules\blockchainjs\node_modules\socket.io-client\node_modules\engine.io-client\node_modules\ws\build\binding.sln]
C:\Users\jhill\AppData\Roaming\npm\node_modules\blockchainjs\node_modules\socket.io-client\node_modules\engine.io-client\node_modules\ws\node_modules\nan\nan.h(233): error C3861: 'New': identifier not found [C:\Users\jhill\AppData\Roaming\npm\node_modules\blockchainjs\node_modules\socket.io-client\node_modules\engine.io-client\node_modules\ws\build\binding.sln]
C:\Users\jhill\AppData\Roaming\npm\node_modules\blockchainjs\node_modules\socket.io-client\node_modules\engine.io-client\node_modules\ws\node_modules\nan\nan.h(450): error C2660: 'v8::Object::New' : function does not take 0 arguments [C:\Users\jhill\AppData\Roaming\npm\node_modules\blockchainjs\node_modules\socket.io-client\node_modules\engine.io-client\node_modules\ws\build\binding.sln]
C:\Users\jhill\AppData\Roaming\npm\node_modules\blockchainjs\node_modules\socket.io-client\node_modules\engine.io-client\node_modules\ws\node_modules\nan\nan.h(451): error C2039: 'NewSymbol' : is not a member of 'v8::String' [C:\Users\jhill\AppData\Roaming\npm\node_modules\blockchainjs\node_modules\socket.io-client\node_modules\engine.io-client\node_modules\ws\build\binding.sln]
C:\Users\jhill\AppData\Roaming\npm\node_modules\blockchainjs\node_modules\socket.io-client\node_modules\engine.io-client\node_modules\ws\node_modules\nan\nan.h(451): error C3861: 'NewSymbol': identifier not found [C:\Users\jhill\AppData\Roaming\npm\node_modules\blockchainjs\node_modules\socket.io-client\node_modules\engine.io-client\node_modules\ws\build\binding.sln]
C:\Users\jhill\AppData\Roaming\npm\node_modules\blockchainjs\node_modules\socket.io-client\node_modules\engine.io-client\node_modules\ws\node_modules\nan\nan.h(457): error C2039: 'Dispose' : is not a member of 'v8::Persistent<T>' [C:\Users\jhill\AppData\Roaming\npm\node_modules\blockchainjs\node_modules\socket.io-client\node_modules\engine.io-client\node_modules\ws\build\binding.sln]
C:\Users\jhill\AppData\Roaming\npm\node_modules\blockchainjs\node_modules\socket.io-client\node_modules\engine.io-client\node_modules\ws\node_modules\nan\nan.h(458): error C2039: 'Clear' : is not a member of 'v8::Persistent<T>' [C:\Users\jhill\AppData\Roaming\npm\node_modules\blockchainjs\node_modules\socket.io-client\node_modules\engine.io-client\node_modules\ws\build\binding.sln]
C:\Users\jhill\AppData\Roaming\npm\node_modules\blockchainjs\node_modules\socket.io-client\node_modules\engine.io-client\node_modules\ws\node_modules\nan\nan.h(462): error C2039: 'NewSymbol' : is not a member of 'v8::String' [C:\Users\jhill\AppData\Roaming\npm\node_modules\blockchainjs\node_modules\socket.io-client\node_modules\engine.io-client\node_modules\ws\build\binding.sln]
C:\Users\jhill\AppData\Roaming\npm\node_modules\blockchainjs\node_modules\socket.io-client\node_modules\engine.io-client\node_modules\ws\node_modules\nan\nan.h(463): error C2228: left of '.As' must have class/struct/union [C:\Users\jhill\AppData\Roaming\npm\node_modules\blockchainjs\node_modules\socket.io-client\node_modules\engine.io-client\node_modules\ws\build\binding.sln]
C:\Users\jhill\AppData\Roaming\npm\node_modules\blockchainjs\node_modules\socket.io-client\node_modules\engine.io-client\node_modules\ws\node_modules\nan\nan.h(463): error C2059: syntax error : ')' [C:\Users\jhill\AppData\Roaming\npm\node_modules\blockchainjs\node_modules\socket.io-client\node_modules\engine.io-client\node_modules\ws\build\binding.sln]
C:\Users\jhill\AppData\Roaming\npm\node_modules\blockchainjs\node_modules\socket.io-client\node_modules\engine.io-client\node_modules\ws\node_modules\nan\nan.h(475): error C2039: 'NewSymbol' : is not a member of 'v8::String' [C:\Users\jhill\AppData\Roaming\npm\node_modules\blockchainjs\node_modules\socket.io-client\node_modules\engine.io-client\node_modules\ws\build\binding.sln]
C:\Users\jhill\AppData\Roaming\npm\node_modules\blockchainjs\node_modules\socket.io-client\node_modules\engine.io-client\node_modules\ws\node_modules\nan\nan.h(475): error C2228: left of '.As' must have class/struct/union [C:\Users\jhill\AppData\Roaming\npm\node_modules\blockchainjs\node_modules\socket.io-client\node_modules\engine.io-client\node_modules\ws\build\binding.sln]
C:\Users\jhill\AppData\Roaming\npm\node_modules\blockchainjs\node_modules\socket.io-client\node_modules\engine.io-client\node_modules\ws\node_modules\nan\nan.h(475): error C2059: syntax error : ')' [C:\Users\jhill\AppData\Roaming\npm\node_modules\blockchainjs\node_modules\socket.io-client\node_modules\engine.io-client\node_modules\ws\build\binding.sln]
C:\Users\jhill\AppData\Roaming\npm\node_modules\blockchainjs\node_modules\socket.io-client\node_modules\engine.io-client\node_modules\ws\node_modules\nan\nan.h(477): error C2039: 'GetCurrent' : is not a member of 'v8::Context' [C:\Users\jhill\AppData\Roaming\npm\node_modules\blockchainjs\node_modules\socket.io-client\node_modules\engine.io-client\node_modules\ws\build\binding.sln]
C:\Users\jhill\AppData\Roaming\npm\node_modules\blockchainjs\node_modules\socket.io-client\node_modules\engine.io-client\node_modules\ws\node_modules\nan\nan.h(477): error C2227: left of '->Global' must point to class/struct/union/generic type [C:\Users\jhill\AppData\Roaming\npm\node_modules\blockchainjs\node_modules\socket.io-client\node_modules\engine.io-client\node_modules\ws\build\binding.sln]
C:\Users\jhill\AppData\Roaming\npm\node_modules\blockchainjs\node_modules\socket.io-client\node_modules\engine.io-client\node_modules\ws\node_modules\nan\nan.h(475): error C3861: 'NewSymbol': identifier not found [C:\Users\jhill\AppData\Roaming\npm\node_modules\blockchainjs\node_modules\socket.io-client\node_modules\engine.io-client\node_modules\ws\build\binding.sln]
C:\Users\jhill\AppData\Roaming\npm\node_modules\blockchainjs\node_modules\socket.io-client\node_modules\engine.io-client\node_modules\ws\node_modules\nan\nan.h(477): error C3861: 'GetCurrent': identifier not found [C:\Users\jhill\AppData\Roaming\npm\node_modules\blockchainjs\node_modules\socket.io-client\node_modules\engine.io-client\node_modules\ws\build\binding.sln]
C:\Users\jhill\AppData\Roaming\npm\node_modules\blockchainjs\node_modules\socket.io-client\node_modules\engine.io-client\node_modules\ws\node_modules\nan\nan.h(518): error C2146: syntax error : missing ';' before identifier 'request' [C:\Users\jhill\AppData\Roaming\npm\node_modules\blockchainjs\node_modules\socket.io-client\node_modules\engine.io-client\node_modules\ws\build\binding.sln]
C:\Users\jhill\AppData\Roaming\npm\node_modules\blockchainjs\node_modules\socket.io-client\node_modules\engine.io-client\node_modules\ws\node_modules\nan\nan.h(518): error C4430: missing type specifier - int assumed. Note: C++ does not support default-int [C:\Users\jhill\AppData\Roaming\npm\node_modules\blockchainjs\node_modules\socket.io-client\node_modules\engine.io-client\node_modules\ws\build\binding.sln]
C:\Users\jhill\AppData\Roaming\npm\node_modules\blockchainjs\node_modules\socket.io-client\node_modules\engine.io-client\node_modules\ws\node_modules\nan\nan.h(518): error C4430: missing type specifier - int assumed. Note: C++ does not support default-int [C:\Users\jhill\AppData\Roaming\npm\node_modules\blockchainjs\node_modules\socket.io-client\node_modules\engine.io-client\node_modules\ws\build\binding.sln]
C:\Users\jhill\AppData\Roaming\npm\node_modules\blockchainjs\node_modules\socket.io-client\node_modules\engine.io-client\node_modules\ws\node_modules\nan\nan.h(490): error C2065: 'request' : undeclared identifier [C:\Users\jhill\AppData\Roaming\npm\node_modules\blockchainjs\node_modules\socket.io-client\node_modules\engine.io-client\node_modules\ws\build\binding.sln]
C:\Users\jhill\AppData\Roaming\npm\node_modules\blockchainjs\node_modules\socket.io-client\node_modules\engine.io-client\node_modules\ws\node_modules\nan\nan.h(490): error C2228: left of '.data' must have class/struct/union [C:\Users\jhill\AppData\Roaming\npm\node_modules\blockchainjs\node_modules\socket.io-client\node_modules\engine.io-client\node_modules\ws\build\binding.sln]
C:\Users\jhill\AppData\Roaming\npm\node_modules\blockchainjs\node_modules\socket.io-client\node_modules\engine.io-client\node_modules\ws\node_modules\nan\nan.h(529): error C2039: 'NewSymbol' : is not a member of 'v8::String' [C:\Users\jhill\AppData\Roaming\npm\node_modules\blockchainjs\node_modules\socket.io-client\node_modules\engine.io-client\node_modules\ws\build\binding.sln]
C:\Users\jhill\AppData\Roaming\npm\node_modules\blockchainjs\node_modules\socket.io-client\node_modules\engine.io-client\node_modules\ws\node_modules\nan\nan.h(529): error C3861: 'NewSymbol': identifier not found [C:\Users\jhill\AppData\Roaming\npm\node_modules\blockchainjs\node_modules\socket.io-client\node_modules\engine.io-client\node_modules\ws\build\binding.sln]
C:\Users\jhill\AppData\Roaming\npm\node_modules\blockchainjs\node_modules\socket.io-client\node_modules\engine.io-client\node_modules\ws\node_modules\nan\nan.h(536): error C2039: 'NewSymbol' : is not a member of 'v8::String' [C:\Users\jhill\AppData\Roaming\npm\node_modules\blockchainjs\node_modules\socket.io-client\node_modules\engine.io-client\node_modules\ws\build\binding.sln]
C:\Users\jhill\AppData\Roaming\npm\node_modules\blockchainjs\node_modules\socket.io-client\node_modules\engine.io-client\node_modules\ws\node_modules\nan\nan.h(536): error C2228: left of '.As' must have class/struct/union [C:\Users\jhill\AppData\Roaming\npm\node_modules\blockchainjs\node_modules\socket.io-client\node_modules\engine.io-client\node_modules\ws\build\binding.sln]
C:\Users\jhill\AppData\Roaming\npm\node_modules\blockchainjs\node_modules\socket.io-client\node_modules\engine.io-client\node_modules\ws\node_modules\nan\nan.h(536): error C2059: syntax error : ')' [C:\Users\jhill\AppData\Roaming\npm\node_modules\blockchainjs\node_modules\socket.io-client\node_modules\engine.io-client\node_modules\ws\build\binding.sln]
C:\Users\jhill\AppData\Roaming\npm\node_modules\blockchainjs\node_modules\socket.io-client\node_modules\engine.io-client\node_modules\ws\node_modules\nan\nan.h(549): error C2039: 'New' : is not a member of 'v8::String' [C:\Users\jhill\AppData\Roaming\npm\node_modules\blockchainjs\node_modules\socket.io-client\node_modules\engine.io-client\node_modules\ws\build\binding.sln]
C:\Users\jhill\AppData\Roaming\npm\node_modules\blockchainjs\node_modules\socket.io-client\node_modules\engine.io-client\node_modules\ws\node_modules\nan\nan.h(550): error C2466: cannot allocate an array of constant size 0 [C:\Users\jhill\AppData\Roaming\npm\node_modules\blockchainjs\node_modules\socket.io-client\node_modules\engine.io-client\node_modules\ws\build\binding.sln]
C:\Users\jhill\AppData\Roaming\npm\node_modules\blockchainjs\node_modules\socket.io-client\node_modules\engine.io-client\node_modules\ws\node_modules\nan\nan.h(550): error C2440: 'initializing' : cannot convert from 'int' to 'v8::Local<T>' [C:\Users\jhill\AppData\Roaming\npm\node_modules\blockchainjs\node_modules\socket.io-client\node_modules\engine.io-client\node_modules\ws\build\binding.sln]
C:\Users\jhill\AppData\Roaming\npm\node_modules\blockchainjs\node_modules\socket.io-client\node_modules\engine.io-client\node_modules\ws\node_modules\nan\nan.h(549): error C3861: 'New': identifier not found [C:\Users\jhill\AppData\Roaming\npm\node_modules\blockchainjs\node_modules\socket.io-client\node_modules\engine.io-client\node_modules\ws\build\binding.sln]
C:\Users\jhill\AppData\Roaming\npm\node_modules\blockchainjs\node_modules\socket.io-client\node_modules\engine.io-client\node_modules\ws\node_modules\nan\nan.h(555): error C2065: 'uv_work_t' : undeclared identifier [C:\Users\jhill\AppData\Roaming\npm\node_modules\blockchainjs\node_modules\socket.io-client\node_modules\engine.io-client\node_modules\ws\build\binding.sln]
C:\Users\jhill\AppData\Roaming\npm\node_modules\blockchainjs\node_modules\socket.io-client\node_modules\engine.io-client\node_modules\ws\node_modules\nan\nan.h(555): error C2065: 'req' : undeclared identifier [C:\Users\jhill\AppData\Roaming\npm\node_modules\blockchainjs\node_modules\socket.io-client\node_modules\engine.io-client\node_modules\ws\build\binding.sln]
C:\Users\jhill\AppData\Roaming\npm\node_modules\blockchainjs\node_modules\socket.io-client\node_modules\engine.io-client\node_modules\ws\node_modules\nan\nan.h(555): error C2448: 'NanAsyncExecute' : function-style initializer appears to be a function definition [C:\Users\jhill\AppData\Roaming\npm\node_modules\blockchainjs\node_modules\socket.io-client\node_modules\engine.io-client\node_modules\ws\build\binding.sln]
C:\Users\jhill\AppData\Roaming\npm\node_modules\blockchainjs\node_modules\socket.io-client\node_modules\engine.io-client\node_modules\ws\node_modules\nan\nan.h(560): error C2448: 'NanAsyncExecuteComplete' : function-style initializer appears to be a function definition [C:\Users\jhill\AppData\Roaming\npm\node_modules\blockchainjs\node_modules\socket.io-client\node_modules\engine.io-client\node_modules\ws\build\binding.sln]
C:\Users\jhill\AppData\Roaming\npm\node_modules\blockchainjs\node_modules\socket.io-client\node_modules\engine.io-client\node_modules\ws\node_modules\nan\nan.h(570): error C2039: 'request' : is not a member of 'NanAsyncWorker' [C:\Users\jhill\AppData\Roaming\npm\node_modules\blockchainjs\node_modules\socket.io-client\node_modules\engine.io-client\node_modules\ws\build\binding.sln]
C:\Users\jhill\AppData\Roaming\npm\node_modules\blockchainjs\node_modules\socket.io-client\node_modules\engine.io-client\node_modules\ws\node_modules\nan\nan.h(571): error C2065: 'NanAsyncExecute' : undeclared identifier [C:\Users\jhill\AppData\Roaming\npm\node_modules\blockchainjs\node_modules\socket.io-client\node_modules\engine.io-client\node_modules\ws\build\binding.sln]
C:\Users\jhill\AppData\Roaming\npm\node_modules\blockchainjs\node_modules\socket.io-client\node_modules\engine.io-client\node_modules\ws\node_modules\nan\nan.h(571): error C2065: 'uv_after_work_cb' : undeclared identifier [C:\Users\jhill\AppData\Roaming\npm\node_modules\blockchainjs\node_modules\socket.io-client\node_modules\engine.io-client\node_modules\ws\build\binding.sln]
C:\Users\jhill\AppData\Roaming\npm\node_modules\blockchainjs\node_modules\socket.io-client\node_modules\engine.io-client\node_modules\ws\node_modules\nan\nan.h(572): error C2146: syntax error : missing ')' before identifier 'NanAsyncExecuteComplete' [C:\Users\jhill\AppData\Roaming\npm\node_modules\blockchainjs\node_modules\socket.io-client\node_modules\engine.io-client\node_modules\ws\build\binding.sln]
C:\Users\jhill\AppData\Roaming\npm\node_modules\blockchainjs\node_modules\socket.io-client\node_modules\engine.io-client\node_modules\ws\node_modules\nan\nan.h(572): error C2059: syntax error : ')' [C:\Users\jhill\AppData\Roaming\npm\node_modules\blockchainjs\node_modules\socket.io-client\node_modules\engine.io-client\node_modules\ws\build\binding.sln]
C:\Users\jhill\AppData\Roaming\npm\node_modules\blockchainjs\node_modules\socket.io-client\node_modules\engine.io-client\node_modules\ws\node_modules\nan\nan.h(716): error C2661: 'v8::Local<T>::New' : no overloaded function takes 1 arguments [C:\Users\jhill\AppData\Roaming\npm\node_modules\blockchainjs\node_modules\socket.io-client\node_modules\engine.io-client\node_modules\ws\build\binding.sln]
C:\Users\jhill\AppData\Roaming\npm\node_modules\blockchainjs\node_modules\socket.io-client\node_modules\engine.io-client\node_modules\ws\node_modules\nan\nan.h(769): error C2039: 'AsciiValue' : is not a member of 'v8::String' [C:\Users\jhill\AppData\Roaming\npm\node_modules\blockchainjs\node_modules\socket.io-client\node_modules\engine.io-client\node_modules\ws\build\binding.sln]
C:\Users\jhill\AppData\Roaming\npm\node_modules\blockchainjs\node_modules\socket.io-client\node_modules\engine.io-client\node_modules\ws\node_modules\nan\nan.h(769): error C2065: 'AsciiValue' : undeclared identifier [C:\Users\jhill\AppData\Roaming\npm\node_modules\blockchainjs\node_modules\socket.io-client\node_modules\engine.io-client\node_modules\ws\build\binding.sln]
C:\Users\jhill\AppData\Roaming\npm\node_modules\blockchainjs\node_modules\socket.io-client\node_modules\engine.io-client\node_modules\ws\node_modules\nan\nan.h(769): error C2146: syntax error : missing ';' before identifier 'value' [C:\Users\jhill\AppData\Roaming\npm\node_modules\blockchainjs\node_modules\socket.io-client\node_modules\engine.io-client\node_modules\ws\build\binding.sln]
C:\Users\jhill\AppData\Roaming\npm\node_modules\blockchainjs\node_modules\socket.io-client\node_modules\engine.io-client\node_modules\ws\node_modules\nan\nan.h(769): error C3861: 'value': identifier not found [C:\Users\jhill\AppData\Roaming\npm\node_modules\blockchainjs\node_modules\socket.io-client\node_modules\engine.io-client\node_modules\ws\build\binding.sln]
C:\Users\jhill\AppData\Roaming\npm\node_modules\blockchainjs\node_modules\socket.io-client\node_modules\engine.io-client\node_modules\ws\node_modules\nan\nan.h(840): error C2228: left of '.length' must have class/struct/union [C:\Users\jhill\AppData\Roaming\npm\node_modules\blockchainjs\node_modules\socket.io-client\node_modules\engine.io-client\node_modules\ws\build\binding.sln]
C:\Users\jhill\AppData\Roaming\npm\node_modules\blockchainjs\node_modules\socket.io-client\node_modules\engine.io-client\node_modules\ws\node_modules\nan\nan.h(873): error C2228: left of '.length' must have class/struct/union [C:\Users\jhill\AppData\Roaming\npm\node_modules\blockchainjs\node_modules\socket.io-client\node_modules\engine.io-client\node_modules\ws\build\binding.sln]
..\src\bufferutil.cc(27): error C2664: 'v8::FunctionTemplate::New' : cannot convert parameter 1 from 'void (__cdecl *)(const v8::FunctionCallbackInfo<T> &)' to 'v8::Isolate *' [C:\Users\jhill\AppData\Roaming\npm\node_modules\blockchainjs\node_modules\socket.io-client\node_modules\engine.io-client\node_modules\ws\build\binding.sln]
..\src\bufferutil.cc(32): error C2039: 'NewSymbol' : is not a member of 'v8::String' [C:\Users\jhill\AppData\Roaming\npm\node_modules\blockchainjs\node_modules\socket.io-client\node_modules\engine.io-client\node_modules\ws\build\binding.sln]
..\src\bufferutil.cc(32): error C3861: 'NewSymbol': identifier not found [C:\Users\jhill\AppData\Roaming\npm\node_modules\blockchainjs\node_modules\socket.io-client\node_modules\engine.io-client\node_modules\ws\build\binding.sln]
..\src\bufferutil.cc(60): error C2660: 'v8::True' : function does not take 0 arguments [C:\Users\jhill\AppData\Roaming\npm\node_modules\blockchainjs\node_modules\socket.io-client\node_modules\engine.io-client\node_modules\ws\build\binding.sln]
..\src\bufferutil.cc(81): error C2660: 'v8::True' : function does not take 0 arguments [C:\Users\jhill\AppData\Roaming\npm\node_modules\blockchainjs\node_modules\socket.io-client\node_modules\engine.io-client\node_modules\ws\build\binding.sln]
..\src\bufferutil.cc(106): error C2660: 'v8::True' : function does not take 0 arguments [C:\Users\jhill\AppData\Roaming\npm\node_modules\blockchainjs\node_modules\socket.io-client\node_modules\engine.io-client\node_modules\ws\build\binding.sln]
C:\Users\jhill\AppData\Roaming\npm\node_modules\blockchainjs\node_modules\socket.io-client\node_modules\engine.io-client\node_modules\ws\node_modules\nan\nan.h(213): error C2039: 'ThrowException' : is not a member of 'v8' [C:\Users\jhill\AppData\Roaming\npm\node_modules\blockchainjs\node_modules\socket.io-client\node_modules\engine.io-client\node_modules\ws\build\binding.sln]
C:\Users\jhill\AppData\Roaming\npm\node_modules\blockchainjs\node_modules\socket.io-client\node_modules\engine.io-client\node_modules\ws\node_modules\nan\nan.h(213): error C2039: 'New' : is not a member of 'v8::String' [C:\Users\jhill\AppData\Roaming\npm\node_modules\blockchainjs\node_modules\socket.io-client\node_modules\engine.io-client\node_modules\ws\build\binding.sln]
C:\Users\jhill\AppData\Roaming\npm\node_modules\blockchainjs\node_modules\socket.io-client\node_modules\engine.io-client\node_modules\ws\node_modules\nan\nan.h(213): error C3861: 'ThrowException': identifier not found [C:\Users\jhill\AppData\Roaming\npm\node_modules\blockchainjs\node_modules\socket.io-client\node_modules\engine.io-client\node_modules\ws\build\binding.sln]
C:\Users\jhill\AppData\Roaming\npm\node_modules\blockchainjs\node_modules\socket.io-client\node_modules\engine.io-client\node_modules\ws\node_modules\nan\nan.h(213): error C3861: 'New': identifier not found [C:\Users\jhill\AppData\Roaming\npm\node_modules\blockchainjs\node_modules\socket.io-client\node_modules\engine.io-client\node_modules\ws\build\binding.sln]
C:\Users\jhill\AppData\Roaming\npm\node_modules\blockchainjs\node_modules\socket.io-client\node_modules\engine.io-client\node_modules\ws\node_modules\nan\nan.h(218): error C2039: 'ThrowException' : is not a member of 'v8' [C:\Users\jhill\AppData\Roaming\npm\node_modules\blockchainjs\node_modules\socket.io-client\node_modules\engine.io-client\node_modules\ws\build\binding.sln]
C:\Users\jhill\AppData\Roaming\npm\node_modules\blockchainjs\node_modules\socket.io-client\node_modules\engine.io-client\node_modules\ws\node_modules\nan\nan.h(218): error C3861: 'ThrowException': identifier not found [C:\Users\jhill\AppData\Roaming\npm\node_modules\blockchainjs\node_modules\socket.io-client\node_modules\engine.io-client\node_modules\ws\build\binding.sln]
C:\Users\jhill\AppData\Roaming\npm\node_modules\blockchainjs\node_modules\socket.io-client\node_modules\engine.io-client\node_modules\ws\node_modules\nan\nan.h(222): error C2039: 'New' : is not a member of 'v8::String' [C:\Users\jhill\AppData\Roaming\npm\node_modules\blockchainjs\node_modules\socket.io-client\node_modules\engine.io-client\node_modules\ws\build\binding.sln]
C:\Users\jhill\AppData\Roaming\npm\node_modules\blockchainjs\node_modules\socket.io-client\node_modules\engine.io-client\node_modules\ws\node_modules\nan\nan.h(222): error C3861: 'New': identifier not found [C:\Users\jhill\AppData\Roaming\npm\node_modules\blockchainjs\node_modules\socket.io-client\node_modules\engine.io-client\node_modules\ws\build\binding.sln]
C:\Users\jhill\AppData\Roaming\npm\node_modules\blockchainjs\node_modules\socket.io-client\node_modules\engine.io-client\node_modules\ws\node_modules\nan\nan.h(224): error C2039: 'New' : is not a member of 'v8::String' [C:\Users\jhill\AppData\Roaming\npm\node_modules\blockchainjs\node_modules\socket.io-client\node_modules\engine.io-client\node_modules\ws\build\binding.sln]
C:\Users\jhill\AppData\Roaming\npm\node_modules\blockchainjs\node_modules\socket.io-client\node_modules\engine.io-client\node_modules\ws\node_modules\nan\nan.h(224): error C2660: 'v8::Integer::New' : function does not take 1 arguments [C:\Users\jhill\AppData\Roaming\npm\node_modules\blockchainjs\node_modules\socket.io-client\node_modules\engine.io-client\node_modules\ws\build\binding.sln]
C:\Users\jhill\AppData\Roaming\npm\node_modules\blockchainjs\node_modules\socket.io-client\node_modules\engine.io-client\node_modules\ws\node_modules\nan\nan.h(224): error C3861: 'New': identifier not found [C:\Users\jhill\AppData\Roaming\npm\node_modules\blockchainjs\node_modules\socket.io-client\node_modules\engine.io-client\node_modules\ws\build\binding.sln]
C:\Users\jhill\AppData\Roaming\npm\node_modules\blockchainjs\node_modules\socket.io-client\node_modules\engine.io-client\node_modules\ws\node_modules\nan\nan.h(229): error C2039: 'ThrowException' : is not a member of 'v8' [C:\Users\jhill\AppData\Roaming\npm\node_modules\blockchainjs\node_modules\socket.io-client\node_modules\engine.io-client\node_modules\ws\build\binding.sln]
C:\Users\jhill\AppData\Roaming\npm\node_modules\blockchainjs\node_modules\socket.io-client\node_modules\engine.io-client\node_modules\ws\node_modules\nan\nan.h(229): error C2039: 'New' : is not a member of 'v8::String' [C:\Users\jhill\AppData\Roaming\npm\node_modules\blockchainjs\node_modules\socket.io-client\node_modules\engine.io-client\node_modules\ws\build\binding.sln]
C:\Users\jhill\AppData\Roaming\npm\node_modules\blockchainjs\node_modules\socket.io-client\node_modules\engine.io-client\node_modules\ws\node_modules\nan\nan.h(229): error C3861: 'ThrowException': identifier not found [C:\Users\jhill\AppData\Roaming\npm\node_modules\blockchainjs\node_modules\socket.io-client\node_modules\engine.io-client\node_modules\ws\build\binding.sln]
C:\Users\jhill\AppData\Roaming\npm\node_modules\blockchainjs\node_modules\socket.io-client\node_modules\engine.io-client\node_modules\ws\node_modules\nan\nan.h(229): error C3861: 'New': identifier not found [C:\Users\jhill\AppData\Roaming\npm\node_modules\blockchainjs\node_modules\socket.io-client\node_modules\engine.io-client\node_modules\ws\build\binding.sln]
C:\Users\jhill\AppData\Roaming\npm\node_modules\blockchainjs\node_modules\socket.io-client\node_modules\engine.io-client\node_modules\ws\node_modules\nan\nan.h(233): error C2039: 'ThrowException' : is not a member of 'v8' [C:\Users\jhill\AppData\Roaming\npm\node_modules\blockchainjs\node_modules\socket.io-client\node_modules\engine.io-client\node_modules\ws\build\binding.sln]
C:\Users\jhill\AppData\Roaming\npm\node_modules\blockchainjs\node_modules\socket.io-client\node_modules\engine.io-client\node_modules\ws\node_modules\nan\nan.h(233): error C2039: 'New' : is not a member of 'v8::String' [C:\Users\jhill\AppData\Roaming\npm\node_modules\blockchainjs\node_modules\socket.io-client\node_modules\engine.io-client\node_modules\ws\build\binding.sln]
C:\Users\jhill\AppData\Roaming\npm\node_modules\blockchainjs\node_modules\socket.io-client\node_modules\engine.io-client\node_modules\ws\node_modules\nan\nan.h(233): error C3861: 'ThrowException': identifier not found [C:\Users\jhill\AppData\Roaming\npm\node_modules\blockchainjs\node_modules\socket.io-client\node_modules\engine.io-client\node_modules\ws\build\binding.sln]
C:\Users\jhill\AppData\Roaming\npm\node_modules\blockchainjs\node_modules\socket.io-client\node_modules\engine.io-client\node_modules\ws\node_modules\nan\nan.h(233): error C3861: 'New': identifier not found [C:\Users\jhill\AppData\Roaming\npm\node_modules\blockchainjs\node_modules\socket.io-client\node_modules\engine.io-client\node_modules\ws\build\binding.sln]
C:\Users\jhill\AppData\Roaming\npm\node_modules\blockchainjs\node_modules\socket.io-client\node_modules\engine.io-client\node_modules\ws\node_modules\nan\nan.h(450): error C2660: 'v8::Object::New' : function does not take 0 arguments [C:\Users\jhill\AppData\Roaming\npm\node_modules\blockchainjs\node_modules\socket.io-client\node_modules\engine.io-client\node_modules\ws\build\binding.sln]
C:\Users\jhill\AppData\Roaming\npm\node_modules\blockchainjs\node_modules\socket.io-client\node_modules\engine.io-client\node_modules\ws\node_modules\nan\nan.h(451): error C2039: 'NewSymbol' : is not a member of 'v8::String' [C:\Users\jhill\AppData\Roaming\npm\node_modules\blockchainjs\node_modules\socket.io-client\node_modules\engine.io-client\node_modules\ws\build\binding.sln]
C:\Users\jhill\AppData\Roaming\npm\node_modules\blockchainjs\node_modules\socket.io-client\node_modules\engine.io-client\node_modules\ws\node_modules\nan\nan.h(451): error C3861: 'NewSymbol': identifier not found [C:\Users\jhill\AppData\Roaming\npm\node_modules\blockchainjs\node_modules\socket.io-client\node_modules\engine.io-client\node_modules\ws\build\binding.sln]
C:\Users\jhill\AppData\Roaming\npm\node_modules\blockchainjs\node_modules\socket.io-client\node_modules\engine.io-client\node_modules\ws\node_modules\nan\nan.h(457): error C2039: 'Dispose' : is not a member of 'v8::Persistent<T>' [C:\Users\jhill\AppData\Roaming\npm\node_modules\blockchainjs\node_modules\socket.io-client\node_modules\engine.io-client\node_modules\ws\build\binding.sln]
C:\Users\jhill\AppData\Roaming\npm\node_modules\blockchainjs\node_modules\socket.io-client\node_modules\engine.io-client\node_modules\ws\node_modules\nan\nan.h(458): error C2039: 'Clear' : is not a member of 'v8::Persistent<T>' [C:\Users\jhill\AppData\Roaming\npm\node_modules\blockchainjs\node_modules\socket.io-client\node_modules\engine.io-client\node_modules\ws\build\binding.sln]
C:\Users\jhill\AppData\Roaming\npm\node_modules\blockchainjs\node_modules\socket.io-client\node_modules\engine.io-client\node_modules\ws\node_modules\nan\nan.h(462): error C2039: 'NewSymbol' : is not a member of 'v8::String' [C:\Users\jhill\AppData\Roaming\npm\node_modules\blockchainjs\node_modules\socket.io-client\node_modules\engine.io-client\node_modules\ws\build\binding.sln]
C:\Users\jhill\AppData\Roaming\npm\node_modules\blockchainjs\node_modules\socket.io-client\node_modules\engine.io-client\node_modules\ws\node_modules\nan\nan.h(463): error C2228: left of '.As' must have class/struct/union [C:\Users\jhill\AppData\Roaming\npm\node_modules\blockchainjs\node_modules\socket.io-client\node_modules\engine.io-client\node_modules\ws\build\binding.sln]
C:\Users\jhill\AppData\Roaming\npm\node_modules\blockchainjs\node_modules\socket.io-client\node_modules\engine.io-client\node_modules\ws\node_modules\nan\nan.h(463): error C2059: syntax error : ')' [C:\Users\jhill\AppData\Roaming\npm\node_modules\blockchainjs\node_modules\socket.io-client\node_modules\engine.io-client\node_modules\ws\build\binding.sln]
C:\Users\jhill\AppData\Roaming\npm\node_modules\blockchainjs\node_modules\socket.io-client\node_modules\engine.io-client\node_modules\ws\node_modules\nan\nan.h(475): error C2039: 'NewSymbol' : is not a member of 'v8::String' [C:\Users\jhill\AppData\Roaming\npm\node_modules\blockchainjs\node_modules\socket.io-client\node_modules\engine.io-client\node_modules\ws\build\binding.sln]
C:\Users\jhill\AppData\Roaming\npm\node_modules\blockchainjs\node_modules\socket.io-client\node_modules\engine.io-client\node_modules\ws\node_modules\nan\nan.h(475): error C2228: left of '.As' must have class/struct/union [C:\Users\jhill\AppData\Roaming\npm\node_modules\blockchainjs\node_modules\socket.io-client\node_modules\engine.io-client\node_modules\ws\build\binding.sln]
C:\Users\jhill\AppData\Roaming\npm\node_modules\blockchainjs\node_modules\socket.io-client\node_modules\engine.io-client\node_modules\ws\node_modules\nan\nan.h(475): error C2059: syntax error : ')' [C:\Users\jhill\AppData\Roaming\npm\node_modules\blockchainjs\node_modules\socket.io-client\node_modules\engine.io-client\node_modules\ws\build\binding.sln]
C:\Users\jhill\AppData\Roaming\npm\node_modules\blockchainjs\node_modules\socket.io-client\node_modules\engine.io-client\node_modules\ws\node_modules\nan\nan.h(477): error C2039: 'GetCurrent' : is not a member of 'v8::Context' [C:\Users\jhill\AppData\Roaming\npm\node_modules\blockchainjs\node_modules\socket.io-client\node_modules\engine.io-client\node_modules\ws\build\binding.sln]
C:\Users\jhill\AppData\Roaming\npm\node_modules\blockchainjs\node_modules\socket.io-client\node_modules\engine.io-client\node_modules\ws\node_modules\nan\nan.h(477): error C2227: left of '->Global' must point to class/struct/union/generic type [C:\Users\jhill\AppData\Roaming\npm\node_modules\blockchainjs\node_modules\socket.io-client\node_modules\engine.io-client\node_modules\ws\build\binding.sln]
C:\Users\jhill\AppData\Roaming\npm\node_modules\blockchainjs\node_modules\socket.io-client\node_modules\engine.io-client\node_modules\ws\node_modules\nan\nan.h(475): error C3861: 'NewSymbol': identifier not found [C:\Users\jhill\AppData\Roaming\npm\node_modules\blockchainjs\node_modules\socket.io-client\node_modules\engine.io-client\node_modules\ws\build\binding.sln]
C:\Users\jhill\AppData\Roaming\npm\node_modules\blockchainjs\node_modules\socket.io-client\node_modules\engine.io-client\node_modules\ws\node_modules\nan\nan.h(477): error C3861: 'GetCurrent': identifier not found [C:\Users\jhill\AppData\Roaming\npm\node_modules\blockchainjs\node_modules\socket.io-client\node_modules\engine.io-client\node_modules\ws\build\binding.sln]
C:\Users\jhill\AppData\Roaming\npm\node_modules\blockchainjs\node_modules\socket.io-client\node_modules\engine.io-client\node_modules\ws\node_modules\nan\nan.h(518): error C2146: syntax error : missing ';' before identifier 'request' [C:\Users\jhill\AppData\Roaming\npm\node_modules\blockchainjs\node_modules\socket.io-client\node_modules\engine.io-client\node_modules\ws\build\binding.sln]
C:\Users\jhill\AppData\Roaming\npm\node_modules\blockchainjs\node_modules\socket.io-client\node_modules\engine.io-client\node_modules\ws\node_modules\nan\nan.h(518): error C4430: missing type specifier - int assumed. Note: C++ does not support default-int [C:\Users\jhill\AppData\Roaming\npm\node_modules\blockchainjs\node_modules\socket.io-client\node_modules\engine.io-client\node_modules\ws\build\binding.sln]
C:\Users\jhill\AppData\Roaming\npm\node_modules\blockchainjs\node_modules\socket.io-client\node_modules\engine.io-client\node_modules\ws\node_modules\nan\nan.h(518): error C4430: missing type specifier - int assumed. Note: C++ does not support default-int [C:\Users\jhill\AppData\Roaming\npm\node_modules\blockchainjs\node_modules\socket.io-client\node_modules\engine.io-client\node_modules\ws\build\binding.sln]
C:\Users\jhill\AppData\Roaming\npm\node_modules\blockchainjs\node_modules\socket.io-client\node_modules\engine.io-client\node_modules\ws\node_modules\nan\nan.h(490): error C2065: 'request' : undeclared identifier [C:\Users\jhill\AppData\Roaming\npm\node_modules\blockchainjs\node_modules\socket.io-client\node_modules\engine.io-client\node_modules\ws\build\binding.sln]
C:\Users\jhill\AppData\Roaming\npm\node_modules\blockchainjs\node_modules\socket.io-client\node_modules\engine.io-client\node_modules\ws\node_modules\nan\nan.h(490): error C2228: left of '.data' must have class/struct/union [C:\Users\jhill\AppData\Roaming\npm\node_modules\blockchainjs\node_modules\socket.io-client\node_modules\engine.io-client\node_modules\ws\build\binding.sln]
C:\Users\jhill\AppData\Roaming\npm\node_modules\blockchainjs\node_modules\socket.io-client\node_modules\engine.io-client\node_modules\ws\node_modules\nan\nan.h(529): error C2039: 'NewSymbol' : is not a member of 'v8::String' [C:\Users\jhill\AppData\Roaming\npm\node_modules\blockchainjs\node_modules\socket.io-client\node_modules\engine.io-client\node_modules\ws\build\binding.sln]
C:\Users\jhill\AppData\Roaming\npm\node_modules\blockchainjs\node_modules\socket.io-client\node_modules\engine.io-client\node_modules\ws\node_modules\nan\nan.h(529): error C3861: 'NewSymbol': identifier not found [C:\Users\jhill\AppData\Roaming\npm\node_modules\blockchainjs\node_modules\socket.io-client\node_modules\engine.io-client\node_modules\ws\build\binding.sln]
C:\Users\jhill\AppData\Roaming\npm\node_modules\blockchainjs\node_modules\socket.io-client\node_modules\engine.io-client\node_modules\ws\node_modules\nan\nan.h(536): error C2039: 'NewSymbol' : is not a member of 'v8::String' [C:\Users\jhill\AppData\Roaming\npm\node_modules\blockchainjs\node_modules\socket.io-client\node_modules\engine.io-client\node_modules\ws\build\binding.sln]
C:\Users\jhill\AppData\Roaming\npm\node_modules\blockchainjs\node_modules\socket.io-client\node_modules\engine.io-client\node_modules\ws\node_modules\nan\nan.h(536): error C2228: left of '.As' must have class/struct/union [C:\Users\jhill\AppData\Roaming\npm\node_modules\blockchainjs\node_modules\socket.io-client\node_modules\engine.io-client\node_modules\ws\build\binding.sln]
C:\Users\jhill\AppData\Roaming\npm\node_modules\blockchainjs\node_modules\socket.io-client\node_modules\engine.io-client\node_modules\ws\node_modules\nan\nan.h(536): error C2059: syntax error : ')' [C:\Users\jhill\AppData\Roaming\npm\node_modules\blockchainjs\node_modules\socket.io-client\node_modules\engine.io-client\node_modules\ws\build\binding.sln]
C:\Users\jhill\AppData\Roaming\npm\node_modules\blockchainjs\node_modules\socket.io-client\node_modules\engine.io-client\node_modules\ws\node_modules\nan\nan.h(549): error C2039: 'New' : is not a member of 'v8::String' [C:\Users\jhill\AppData\Roaming\npm\node_modules\blockchainjs\node_modules\socket.io-client\node_modules\engine.io-client\node_modules\ws\build\binding.sln]
C:\Users\jhill\AppData\Roaming\npm\node_modules\blockchainjs\node_modules\socket.io-client\node_modules\engine.io-client\node_modules\ws\node_modules\nan\nan.h(550): error C2466: cannot allocate an array of constant size 0 [C:\Users\jhill\AppData\Roaming\npm\node_modules\blockchainjs\node_modules\socket.io-client\node_modules\engine.io-client\node_modules\ws\build\binding.sln]
C:\Users\jhill\AppData\Roaming\npm\node_modules\blockchainjs\node_modules\socket.io-client\node_modules\engine.io-client\node_modules\ws\node_modules\nan\nan.h(550): error C2440: 'initializing' : cannot convert from 'int' to 'v8::Local<T>' [C:\Users\jhill\AppData\Roaming\npm\node_modules\blockchainjs\node_modules\socket.io-client\node_modules\engine.io-client\node_modules\ws\build\binding.sln]
C:\Users\jhill\AppData\Roaming\npm\node_modules\blockchainjs\node_modules\socket.io-client\node_modules\engine.io-client\node_modules\ws\node_modules\nan\nan.h(549): error C3861: 'New': identifier not found [C:\Users\jhill\AppData\Roaming\npm\node_modules\blockchainjs\node_modules\socket.io-client\node_modules\engine.io-client\node_modules\ws\build\binding.sln]
C:\Users\jhill\AppData\Roaming\npm\node_modules\blockchainjs\node_modules\socket.io-client\node_modules\engine.io-client\node_modules\ws\node_modules\nan\nan.h(555): error C2065: 'uv_work_t' : undeclared identifier [C:\Users\jhill\AppData\Roaming\npm\node_modules\blockchainjs\node_modules\socket.io-client\node_modules\engine.io-client\node_modules\ws\build\binding.sln]
C:\Users\jhill\AppData\Roaming\npm\node_modules\blockchainjs\node_modules\socket.io-client\node_modules\engine.io-client\node_modules\ws\node_modules\nan\nan.h(555): error C2065: 'req' : undeclared identifier [C:\Users\jhill\AppData\Roaming\npm\node_modules\blockchainjs\node_modules\socket.io-client\node_modules\engine.io-client\node_modules\ws\build\binding.sln]
C:\Users\jhill\AppData\Roaming\npm\node_modules\blockchainjs\node_modules\socket.io-client\node_modules\engine.io-client\node_modules\ws\node_modules\nan\nan.h(555): error C2448: 'NanAsyncExecute' : function-style initializer appears to be a function definition [C:\Users\jhill\AppData\Roaming\npm\node_modules\blockchainjs\node_modules\socket.io-client\node_modules\engine.io-client\node_modules\ws\build\binding.sln]
C:\Users\jhill\AppData\Roaming\npm\node_modules\blockchainjs\node_modules\socket.io-client\node_modules\engine.io-client\node_modules\ws\node_modules\nan\nan.h(560): error C2448: 'NanAsyncExecuteComplete' : function-style initializer appears to be a function definition [C:\Users\jhill\AppData\Roaming\npm\node_modules\blockchainjs\node_modules\socket.io-client\node_modules\engine.io-client\node_modules\ws\build\binding.sln]
C:\Users\jhill\AppData\Roaming\npm\node_modules\blockchainjs\node_modules\socket.io-client\node_modules\engine.io-client\node_modules\ws\node_modules\nan\nan.h(570): error C2039: 'request' : is not a member of 'NanAsyncWorker' [C:\Users\jhill\AppData\Roaming\npm\node_modules\blockchainjs\node_modules\socket.io-client\node_modules\engine.io-client\node_modules\ws\build\binding.sln]
C:\Users\jhill\AppData\Roaming\npm\node_modules\blockchainjs\node_modules\socket.io-client\node_modules\engine.io-client\node_modules\ws\node_modules\nan\nan.h(571): error C2065: 'NanAsyncExecute' : undeclared identifier [C:\Users\jhill\AppData\Roaming\npm\node_modules\blockchainjs\node_modules\socket.io-client\node_modules\engine.io-client\node_modules\ws\build\binding.sln]
C:\Users\jhill\AppData\Roaming\npm\node_modules\blockchainjs\node_modules\socket.io-client\node_modules\engine.io-client\node_modules\ws\node_modules\nan\nan.h(571): error C2065: 'uv_after_work_cb' : undeclared identifier [C:\Users\jhill\AppData\Roaming\npm\node_modules\blockchainjs\node_modules\socket.io-client\node_modules\engine.io-client\node_modules\ws\build\binding.sln]
C:\Users\jhill\AppData\Roaming\npm\node_modules\blockchainjs\node_modules\socket.io-client\node_modules\engine.io-client\node_modules\ws\node_modules\nan\nan.h(572): error C2146: syntax error : missing ')' before identifier 'NanAsyncExecuteComplete' [C:\Users\jhill\AppData\Roaming\npm\node_modules\blockchainjs\node_modules\socket.io-client\node_modules\engine.io-client\node_modules\ws\build\binding.sln]
C:\Users\jhill\AppData\Roaming\npm\node_modules\blockchainjs\node_modules\socket.io-client\node_modules\engine.io-client\node_modules\ws\node_modules\nan\nan.h(572): error C2059: syntax error : ')' [C:\Users\jhill\AppData\Roaming\npm\node_modules\blockchainjs\node_modules\socket.io-client\node_modules\engine.io-client\node_modules\ws\build\binding.sln]
C:\Users\jhill\AppData\Roaming\npm\node_modules\blockchainjs\node_modules\socket.io-client\node_modules\engine.io-client\node_modules\ws\node_modules\nan\nan.h(716): error C2661: 'v8::Local<T>::New' : no overloaded function takes 1 arguments [C:\Users\jhill\AppData\Roaming\npm\node_modules\blockchainjs\node_modules\socket.io-client\node_modules\engine.io-client\node_modules\ws\build\binding.sln]
C:\Users\jhill\AppData\Roaming\npm\node_modules\blockchainjs\node_modules\socket.io-client\node_modules\engine.io-client\node_modules\ws\node_modules\nan\nan.h(769): error C2039: 'AsciiValue' : is not a member of 'v8::String' [C:\Users\jhill\AppData\Roaming\npm\node_modules\blockchainjs\node_modules\socket.io-client\node_modules\engine.io-client\node_modules\ws\build\binding.sln]
C:\Users\jhill\AppData\Roaming\npm\node_modules\blockchainjs\node_modules\socket.io-client\node_modules\engine.io-client\node_modules\ws\node_modules\nan\nan.h(769): error C2065: 'AsciiValue' : undeclared identifier [C:\Users\jhill\AppData\Roaming\npm\node_modules\blockchainjs\node_modules\socket.io-client\node_modules\engine.io-client\node_modules\ws\build\binding.sln]
C:\Users\jhill\AppData\Roaming\npm\node_modules\blockchainjs\node_modules\socket.io-client\node_modules\engine.io-client\node_modules\ws\node_modules\nan\nan.h(769): error C2146: syntax error : missing ';' before identifier 'value' [C:\Users\jhill\AppData\Roaming\npm\node_modules\blockchainjs\node_modules\socket.io-client\node_modules\engine.io-client\node_modules\ws\build\binding.sln]
C:\Users\jhill\AppData\Roaming\npm\node_modules\blockchainjs\node_modules\socket.io-client\node_modules\engine.io-client\node_modules\ws\node_modules\nan\nan.h(769): error C3861: 'value': identifier not found [C:\Users\jhill\AppData\Roaming\npm\node_modules\blockchainjs\node_modules\socket.io-client\node_modules\engine.io-client\node_modules\ws\build\binding.sln]
C:\Users\jhill\AppData\Roaming\npm\node_modules\blockchainjs\node_modules\socket.io-client\node_modules\engine.io-client\node_modules\ws\node_modules\nan\nan.h(840): error C2228: left of '.length' must have class/struct/union [C:\Users\jhill\AppData\Roaming\npm\node_modules\blockchainjs\node_modules\socket.io-client\node_modules\engine.io-client\node_modules\ws\build\binding.sln]
C:\Users\jhill\AppData\Roaming\npm\node_modules\blockchainjs\node_modules\socket.io-client\node_modules\engine.io-client\node_modules\ws\node_modules\nan\nan.h(873): error C2228: left of '.length' must have class/struct/union [C:\Users\jhill\AppData\Roaming\npm\node_modules\blockchainjs\node_modules\socket.io-client\node_modules\engine.io-client\node_modules\ws\build\binding.sln]
..\src\validation.cc(108): error C2248: 'v8::HandleScope::HandleScope' : cannot access protected member declared in class 'v8::HandleScope' [C:\Users\jhill\AppData\Roaming\npm\node_modules\blockchainjs\node_modules\socket.io-client\node_modules\engine.io-client\node_modules\ws\build\binding.sln]
..\src\validation.cc(109): error C2664: 'v8::FunctionTemplate::New' : cannot convert parameter 1 from 'void (__cdecl *)(const v8::FunctionCallbackInfo<T> &)' to 'v8::Isolate *' [C:\Users\jhill\AppData\Roaming\npm\node_modules\blockchainjs\node_modules\socket.io-client\node_modules\engine.io-client\node_modules\ws\build\binding.sln]
..\src\validation.cc(112): error C2039: 'NewSymbol' : is not a member of 'v8::String' [C:\Users\jhill\AppData\Roaming\npm\node_modules\blockchainjs\node_modules\socket.io-client\node_modules\engine.io-client\node_modules\ws\build\binding.sln]
..\src\validation.cc(112): error C3861: 'NewSymbol': identifier not found [C:\Users\jhill\AppData\Roaming\npm\node_modules\blockchainjs\node_modules\socket.io-client\node_modules\engine.io-client\node_modules\ws\build\binding.sln]
..\src\validation.cc(134): error C2660: 'v8::True' : function does not take 0 arguments [C:\Users\jhill\AppData\Roaming\npm\node_modules\blockchainjs\node_modules\socket.io-client\node_modules\engine.io-client\node_modules\ws\build\binding.sln]
..\src\validation.cc(134): error C2660: 'v8::False' : function does not take 0 arguments [C:\Users\jhill\AppData\Roaming\npm\node_modules\blockchainjs\node_modules\socket.io-client\node_modules\engine.io-client\node_modules\ws\build\binding.sln]
blockchainjs@0.3.1 C:\Users\jhill\AppData\Roaming\npm\node_modules\blockchainjs
 url-join@0.0.1
 browser-request@0.3.3
 lru-cache@2.5.0
 bigi@1.4.0
 error-system@0.1.0 (inherits@2.0.1)
 bs58check@1.0.4 (bs58@2.0.1)
 bluebird@2.9.14
 request@2.53.0 (caseless@0.9.0, aws-sign2@0.5.0, forever-agent@0.5.2, stringstream@0.0.4, oauth-sign@0.6.0, tunnel-agent@0.4.1, isstream@0.1.2, json-stringify-safe@5.0.1, qs@2.3.3, node-uuid@1.4.3, combined-stream@0.0.7, form-data@0.2.0, tough-cookie@2.2.0, mime-types@2.0.14, http-signature@0.10.1, bl@0.9.4, hawk@2.3.1)
 lodash@3.4.0
 ws@0.7.1 (options@0.0.6, ultron@1.0.2)
 socket.io-client@1.3.5 (to-array@0.1.3, indexof@0.0.1, component-bind@1.0.0, debug@0.7.4, object-component@0.0.3, backo2@1.0.2, component-emitter@1.1.2, has-binary@0.1.6, parseuri@0.0.2, socket.io-parser@2.2.4, engine.io-client@1.5.1)
